|21/09/2023 16.16.04|

|21/09/2023 16.39.35|

|21/09/2023 17.18.58|

Error: Could not find file 'C:\Users\Fair\Documents\Hovedforløb\H1\ExceptionHandling\TheGoodSysDev\Asset\NeededFile.txta'.
|21/09/2023 17.26.26|

Error: Could not find file 'C:\Users\Fair\Documents\Hovedforløb\H1\ExceptionHandling\TheGoodSysDev\Asset\NeededFile.txta'.
|21/09/2023 17.28.30|

Error: Could not find file 'C:\Users\Fair\Documents\Hovedforløb\H1\ExceptionHandling\TheGoodSysDev\Asset\NeededFile.txta'.
|21/09/2023 19.30.23|+2

Error: Could not find file 'C:\Users\Fair\Documents\Hovedforløb\H1\ExceptionHandling\TheGoodSysDev\Asset\NeededFile.txta'.
|21/09/2023 19.44.21|

|21/09/2023 19.46.01|

Error: Could not find file 'C:\Users\Fair\Documents\Hovedforløb\H1\ExceptionHandling\TheGoodSysDev\Asset\NeededFile.txta'.
|21/09/2023 19.46.09|

Error: Could not find file 'C:\Users\Fair\Documents\Hovedforløb\H1\ExceptionHandling\TheGoodSysDev\Asset\NeededFile.txta'.
|21/09/2023 19.47.12|

Error: The method or operation is not implemented.
|21/09/2023 19.47.23|

Error: The method or operation is not implemented.
|21/09/2023 20.53.57|

|21/09/2023 20.55.14|

Error: Could not find file 'C:\Users\Fair\Documents\Hovedforløb\H1\ExceptionHandling\TheGoodSysDev\Asset\NeededFile.txta'.
|21/09/2023 21.03.38|

|21/09/2023 21.06.29|

Error: Could not find file 'C:\Users\Fair\Documents\Hovedforløb\H1\ExceptionHandling\TheGoodSysDev\Asset\NeededFile.txta'.
|21/09/2023 21.07.17|

|21/09/2023 21.07.32|

|21/09/2023 21.08.40|

|21/09/2023 21.14.53|

Error: Attempted to divide by zero.
|21/09/2023 21.16.01|

|21/09/2023 21.16.22|

|21/09/2023 21.16.34|

|21/09/2023 21.18.55|

|21/09/2023 21.19.23|

|21/09/2023 21.23.10|

|21/09/2023 21.23.27|

Error: Could not find file 'C:\Users\Fair\Documents\Hovedforløb\H1\ExceptionHandling\TheGoodSysDev\Asset\NeededFile.txta'.
|21/09/2023 21.23.36|

|21/09/2023 21.26.25|

Error: Could not find file 'C:\Users\Fair\Documents\Hovedforløb\H1\ExceptionHandling\TheGoodSysDev\Asset\NeededFile.txta'.
|21/09/2023 21.26.35|

Error: Could not find file 'C:\Users\Fair\Documents\Hovedforløb\H1\ExceptionHandling\TheGoodSysDev\Asset\NeededFile.txta'.
|21/09/2023 21.27.16|

Error: Could not find file 'C:\Users\Fair\Documents\Hovedforløb\H1\ExceptionHandling\TheGoodSysDev\Asset\NeededFile.txta'.
|21/09/2023 21.27.46|

Error: Could not find file 'C:\Users\Fair\Documents\Hovedforløb\H1\ExceptionHandling\TheGoodSysDev\Asset\NeededFile.txta'.
|21/09/2023 21.29.21|

Error: Attempted to divide by zero.
|21/09/2023 21.30.08|

|21/09/2023 21.31.07|

